Using pre-set license
Built from '2022.3/staging' branch; Version is '2022.3.3f1 (7cdc2969a641) revision 8182825'; Using compiler version '192829333'; Build Type 'Release'
OS: 'Windows 11  (10.0.22621) 64bit Core' Language: 'ca' Physical Memory: 16251 MB
BatchMode: 1, IsHumanControllingUs: 0, StartBugReporterOnCrash: 0, Is64bit: 1, IsPro: 1

COMMAND LINE ARGUMENTS:
C:\Program Files\Unity\Hub\Editor\2022.3.3f1\Editor\Unity.exe
-adb2
-batchMode
-noUpm
-name
AssetImportWorker4
-projectPath
C:/Git hub/Sweetie-Die-V0/Sweetie-Die
-logFile
Logs/AssetImportWorker4.log
-srvPort
57929
Successfully changed project path to: C:/Git hub/Sweetie-Die-V0/Sweetie-Die
C:/Git hub/Sweetie-Die-V0/Sweetie-Die
[UnityMemory] Configuration Parameters - Can be set up in boot.config
    "memorysetup-bucket-allocator-granularity=16"
    "memorysetup-bucket-allocator-bucket-count=8"
    "memorysetup-bucket-allocator-block-size=33554432"
    "memorysetup-bucket-allocator-block-count=8"
    "memorysetup-main-allocator-block-size=16777216"
    "memorysetup-thread-allocator-block-size=16777216"
    "memorysetup-gfx-main-allocator-block-size=16777216"
    "memorysetup-gfx-thread-allocator-block-size=16777216"
    "memorysetup-cache-allocator-block-size=4194304"
    "memorysetup-typetree-allocator-block-size=2097152"
    "memorysetup-profiler-bucket-allocator-granularity=16"
    "memorysetup-profiler-bucket-allocator-bucket-count=8"
    "memorysetup-profiler-bucket-allocator-block-size=33554432"
    "memorysetup-profiler-bucket-allocator-block-count=8"
    "memorysetup-profiler-allocator-block-size=16777216"
    "memorysetup-profiler-editor-allocator-block-size=1048576"
    "memorysetup-temp-allocator-size-main=16777216"
    "memorysetup-job-temp-allocator-block-size=2097152"
    "memorysetup-job-temp-allocator-block-size-background=1048576"
    "memorysetup-job-temp-allocator-reduction-small-platforms=262144"
    "memorysetup-allocator-temp-initial-block-size-main=262144"
    "memorysetup-allocator-temp-initial-block-size-worker=262144"
    "memorysetup-temp-allocator-size-background-worker=32768"
    "memorysetup-temp-allocator-size-job-worker=262144"
    "memorysetup-temp-allocator-size-preload-manager=33554432"
    "memorysetup-temp-allocator-size-nav-mesh-worker=65536"
    "memorysetup-temp-allocator-size-audio-worker=65536"
    "memorysetup-temp-allocator-size-cloud-worker=32768"
    "memorysetup-temp-allocator-size-gi-baking-worker=262144"
    "memorysetup-temp-allocator-size-gfx=262144"
Player connection [24240] Host "[IP] 192.168.1.211 [Port] 0 [Flags] 2 [Guid] 1964786182 [EditorId] 1964786182 [Version] 1048832 [Id] WindowsEditor(7,LAPTOP-VUKV9B3N) [Debug] 1 [PackageName] WindowsEditor [ProjectName] Editor" joined multi-casting on [225.0.0.222:54997]...

Player connection [24240] Host "[IP] 192.168.1.211 [Port] 0 [Flags] 2 [Guid] 1964786182 [EditorId] 1964786182 [Version] 1048832 [Id] WindowsEditor(7,LAPTOP-VUKV9B3N) [Debug] 1 [PackageName] WindowsEditor [ProjectName] Editor" joined alternative multi-casting on [225.0.0.222:34997]...

Refreshing native plugins compatible for Editor in 0.00 ms, found 0 plugins.
Preloading 0 native plugins for Editor in 0.00 ms.
Initialize engine version: 2022.3.3f1 (7cdc2969a641)
[Subsystems] Discovering subsystems at path C:/Program Files/Unity/Hub/Editor/2022.3.3f1/Editor/Data/Resources/UnitySubsystems
[Subsystems] Discovering subsystems at path C:/Git hub/Sweetie-Die-V0/Sweetie-Die/Assets
GfxDevice: creating device client; threaded=0; jobified=0
Direct3D:
    Version:  Direct3D 11.0 [level 11.1]
    Renderer: NVIDIA GeForce GTX 1650 (ID=0x1f99)
    Vendor:   NVIDIA
    VRAM:     3962 MB
    Driver:   27.21.14.6230
Initialize mono
Mono path[0] = 'C:/Program Files/Unity/Hub/Editor/2022.3.3f1/Editor/Data/Managed'
Mono path[1] = 'C:/Program Files/Unity/Hub/Editor/2022.3.3f1/Editor/Data/MonoBleedingEdge/lib/mono/unityjit-win32'
Mono config path = 'C:/Program Files/Unity/Hub/Editor/2022.3.3f1/Editor/Data/MonoBleedingEdge/etc'
Using monoOptions --debugger-agent=transport=dt_socket,embedding=1,server=y,suspend=n,address=127.0.0.1:56576
Begin MonoManager ReloadAssembly
Registering precompiled unity dll's ...
Register platform support module: C:/Program Files/Unity/Hub/Editor/2022.3.3f1/Editor/Data/PlaybackEngines/WindowsStandaloneSupport/UnityEditor.WindowsStandalone.Extensions.dll
Registered in 0.005876 seconds.
- Loaded All Assemblies, in  0.291 seconds
Native extension for WindowsStandalone target not found
Mono: successfully reloaded assembly
- Finished resetting the current domain, in  0.238 seconds
Domain Reload Profiling: 527ms
	BeginReloadAssembly (74ms)
		ExecutionOrderSort (0ms)
		DisableScriptedObjects (0ms)
		BackupInstance (0ms)
		ReleaseScriptingObjects (0ms)
		CreateAndSetChildDomain (1ms)
	RebuildCommonClasses (32ms)
	RebuildNativeTypeToScriptingClass (10ms)
	initialDomainReloadingComplete (52ms)
	LoadAllAssembliesAndSetupDomain (122ms)
		LoadAssemblies (72ms)
		RebuildTransferFunctionScriptingTraits (0ms)
		AnalyzeDomain (117ms)
			TypeCache.Refresh (116ms)
				TypeCache.ScanAssembly (106ms)
			ScanForSourceGeneratedMonoScriptInfo (0ms)
			ResolveRequiredComponents (0ms)
	FinalizeReload (238ms)
		ReleaseScriptCaches (0ms)
		RebuildScriptCaches (0ms)
		SetupLoadedEditorAssemblies (184ms)
			LogAssemblyErrors (0ms)
			InitializePlatformSupportModulesInManaged (8ms)
			SetLoadedEditorAssemblies (7ms)
			RefreshPlugins (0ms)
			BeforeProcessingInitializeOnLoad (2ms)
			ProcessInitializeOnLoadAttributes (124ms)
			ProcessInitializeOnLoadMethodAttributes (44ms)
			AfterProcessingInitializeOnLoad (0ms)
			EditorAssembliesLoaded (0ms)
		ExecutionOrderSort2 (0ms)
		AwakeInstancesAfterBackupRestoration (0ms)
========================================================================
Worker process is ready to serve import requests
Begin MonoManager ReloadAssembly
- Loaded All Assemblies, in  0.312 seconds
Refreshing native plugins compatible for Editor in 0.00 ms, found 0 plugins.
Native extension for WindowsStandalone target not found
Mono: successfully reloaded assembly
- Finished resetting the current domain, in  0.297 seconds
Domain Reload Profiling: 607ms
	BeginReloadAssembly (113ms)
		ExecutionOrderSort (0ms)
		DisableScriptedObjects (5ms)
		BackupInstance (0ms)
		ReleaseScriptingObjects (0ms)
		CreateAndSetChildDomain (18ms)
	RebuildCommonClasses (31ms)
	RebuildNativeTypeToScriptingClass (10ms)
	initialDomainReloadingComplete (22ms)
	LoadAllAssembliesAndSetupDomain (134ms)
		LoadAssemblies (60ms)
		RebuildTransferFunctionScriptingTraits (0ms)
		AnalyzeDomain (127ms)
			TypeCache.Refresh (123ms)
				TypeCache.ScanAssembly (115ms)
			ScanForSourceGeneratedMonoScriptInfo (2ms)
			ResolveRequiredComponents (2ms)
	FinalizeReload (297ms)
		ReleaseScriptCaches (0ms)
		RebuildScriptCaches (0ms)
		SetupLoadedEditorAssemblies (176ms)
			LogAssemblyErrors (0ms)
			InitializePlatformSupportModulesInManaged (5ms)
			SetLoadedEditorAssemblies (6ms)
			RefreshPlugins (0ms)
			BeforeProcessingInitializeOnLoad (35ms)
			ProcessInitializeOnLoadAttributes (107ms)
			ProcessInitializeOnLoadMethodAttributes (17ms)
			AfterProcessingInitializeOnLoad (6ms)
			EditorAssembliesLoaded (0ms)
		ExecutionOrderSort2 (0ms)
		AwakeInstancesAfterBackupRestoration (5ms)
Launched and connected shader compiler UnityShaderCompiler.exe after 0.03 seconds
Refreshing native plugins compatible for Editor in 0.00 ms, found 0 plugins.
Preloading 0 native plugins for Editor in 0.00 ms.
Unloading 348 Unused Serialized files (Serialized files now loaded: 0)
Unloading 3 unused Assets / (48.5 KB). Loaded Objects now: 821.
Memory consumption went from 56.9 MB to 56.9 MB.
Total: 2.321600 ms (FindLiveObjects: 0.056300 ms CreateObjectMapping: 0.011000 ms MarkObjects: 2.186800 ms  DeleteObjects: 0.066700 ms)

AssetImportParameters requested are different than current active one (requested -> active):
  custom:video-encoder-webm-vp8: eb34c28f22e8b96e1ab97ce403110664 -> 
  custom:video-decoder-webm-vp8: 9c59270c3fd7afecdb556c50c9e8de78 -> 
  custom:audio-decoder-ogg-vorbis: bf7c407c2cedff20999df2af8eb42d56 -> 
  custom:video-decoder-ogg-theora: a1e56fd34408186e4bbccfd4996cb3dc -> 
  custom:audio-encoder-webm-vorbis: bf7c407c2cedff20999df2af8eb42d56 -> 
  custom:container-demuxer-webm: 4f35f7cbe854078d1ac9338744f61a02 -> 
  custom:container-muxer-webm: aa71ff27fc2769a1b78a27578f13a17b -> 
  custom:video-codec-MediaFoundation-h265: 746d11721c4dcdbdad8f713fa42b33f4 -> 
  custom:container-demuxer-ogg: 62fdf1f143b41e24485cea50d1cbac27 -> 
  custom:AudioImporter_EditorPlatform: d09bf68614088b80899f8185d706f6e7 -> 
  custom:framework-win-MediaFoundation: 216162199b28c13a410421893ffa2e32 -> 
========================================================================
Received Import Request.
  Time since last request: 1589724.034550 seconds.
  path: Assets/Material
  artifactKey: Guid(52cb3a6f396d7a94e9d94b66543a2739) Importer(815301076,1909f56bfc062723c751e8b465ee728b)
Start importing Assets/Material using Guid(52cb3a6f396d7a94e9d94b66543a2739) Importer(815301076,1909f56bfc062723c751e8b465ee728b)  -> (artifact id: '7527b0dc0753287e139d41657573107a') in 0.003276 seconds
Number of updated asset objects reloaded before import = 0
Number of asset objects unloaded after import = 0
========================================================================
Received Import Request.
  Time since last request: 11.387306 seconds.
  path: Assets/Material/Wood_.mat
  artifactKey: Guid(72ba1112661109745a1205e689fbcea0) Importer(815301076,1909f56bfc062723c751e8b465ee728b)
Start importing Assets/Material/Wood_.mat using Guid(72ba1112661109745a1205e689fbcea0) Importer(815301076,1909f56bfc062723c751e8b465ee728b)  -> (artifact id: 'b8bbe18cf6d4b408b2fa23112b2fff9a') in 0.127541 seconds
Number of updated asset objects reloaded before import = 0
Number of asset objects unloaded after import = 1
========================================================================
Received Import Request.
  Time since last request: 7.111090 seconds.
  path: Assets/Material/Wood_27.mat
  artifactKey: Guid(72ba1112661109745a1205e689fbcea0) Importer(815301076,1909f56bfc062723c751e8b465ee728b)
Start importing Assets/Material/Wood_27.mat using Guid(72ba1112661109745a1205e689fbcea0) Importer(815301076,1909f56bfc062723c751e8b465ee728b)  -> (artifact id: '4019b61f1cf563b4e4181146ab1ab512') in 0.015395 seconds
Number of updated asset objects reloaded before import = 0
Number of asset objects unloaded after import = 1
========================================================================
Received Import Request.
  Time since last request: 14.515423 seconds.
  path: Assets/Assets/Textures/Wood 027/Wood_027_normal.jpg
  artifactKey: Guid(c9fd5191cb60d1f40ae91c150ae3fa9c) Importer(815301076,1909f56bfc062723c751e8b465ee728b)
Start importing Assets/Assets/Textures/Wood 027/Wood_027_normal.jpg using Guid(c9fd5191cb60d1f40ae91c150ae3fa9c) Importer(815301076,1909f56bfc062723c751e8b465ee728b)  -> (artifact id: '47f743dbeac7ae454622c31c938d104c') in 0.025687 seconds
Number of updated asset objects reloaded before import = 0
Number of asset objects unloaded after import = 2
========================================================================
Received Import Request.
  Time since last request: 12.518685 seconds.
  path: Assets/Material/Wood_27.mat
  artifactKey: Guid(72ba1112661109745a1205e689fbcea0) Importer(815301076,1909f56bfc062723c751e8b465ee728b)
Start importing Assets/Material/Wood_27.mat using Guid(72ba1112661109745a1205e689fbcea0) Importer(815301076,1909f56bfc062723c751e8b465ee728b)  -> (artifact id: 'c035eb1a68f1a9b4ae2900031def67b0') in 0.018431 seconds
Number of updated asset objects reloaded before import = 0
Number of asset objects unloaded after import = 2
========================================================================
Received Import Request.
  Time since last request: 60.906866 seconds.
  path: Assets/Assets/Models/Mesh_wall_door_Final.fbx
  artifactKey: Guid(8aac8a1e14dbaf4499081810335427f1) Importer(815301076,1909f56bfc062723c751e8b465ee728b)
Start importing Assets/Assets/Models/Mesh_wall_door_Final.fbx using Guid(8aac8a1e14dbaf4499081810335427f1) Importer(815301076,1909f56bfc062723c751e8b465ee728b)  -> (artifact id: '60bd2acb290162d26994955fa5a73375') in 0.096436 seconds
Number of updated asset objects reloaded before import = 0
Number of asset objects unloaded after import = 25
========================================================================
Received Import Request.
  Time since last request: 13.640102 seconds.
  path: Assets/Assets/Models/Mesh_wall_door_Final.fbx
  artifactKey: Guid(8aac8a1e14dbaf4499081810335427f1) Importer(815301076,1909f56bfc062723c751e8b465ee728b)
Start importing Assets/Assets/Models/Mesh_wall_door_Final.fbx using Guid(8aac8a1e14dbaf4499081810335427f1) Importer(815301076,1909f56bfc062723c751e8b465ee728b)  -> (artifact id: 'd02f2381108f06de566a1db623fd5191') in 0.067970 seconds
Number of updated asset objects reloaded before import = 0
Number of asset objects unloaded after import = 24
========================================================================
Received Import Request.
  Time since last request: 6.725776 seconds.
  path: Assets/Assets/Models/Mesh_wall_door_Final.fbx
  artifactKey: Guid(8aac8a1e14dbaf4499081810335427f1) Importer(815301076,1909f56bfc062723c751e8b465ee728b)
Start importing Assets/Assets/Models/Mesh_wall_door_Final.fbx using Guid(8aac8a1e14dbaf4499081810335427f1) Importer(815301076,1909f56bfc062723c751e8b465ee728b)  -> (artifact id: '45dbc83d1e19bc1430fdb812f9cbfcad') in 0.075247 seconds
Number of updated asset objects reloaded before import = 0
Number of asset objects unloaded after import = 24
========================================================================
Received Import Request.
  Time since last request: 8.748252 seconds.
  path: Assets/Assets/Models/Mesh_wall_door_Final.fbx
  artifactKey: Guid(8aac8a1e14dbaf4499081810335427f1) Importer(815301076,1909f56bfc062723c751e8b465ee728b)
Start importing Assets/Assets/Models/Mesh_wall_door_Final.fbx using Guid(8aac8a1e14dbaf4499081810335427f1) Importer(815301076,1909f56bfc062723c751e8b465ee728b)  -> (artifact id: '656924be2b68c659682b7efc94c824bc') in 0.078419 seconds
Number of updated asset objects reloaded before import = 0
Number of asset objects unloaded after import = 27
========================================================================
Received Import Request.
  Time since last request: 8.743061 seconds.
  path: Assets/Assets/Models/Mesh_wall_door_Final.fbx
  artifactKey: Guid(8aac8a1e14dbaf4499081810335427f1) Importer(815301076,1909f56bfc062723c751e8b465ee728b)
Start importing Assets/Assets/Models/Mesh_wall_door_Final.fbx using Guid(8aac8a1e14dbaf4499081810335427f1) Importer(815301076,1909f56bfc062723c751e8b465ee728b)  -> (artifact id: 'afa66871237e2316cb081616e2ed375f') in 0.071921 seconds
Number of updated asset objects reloaded before import = 0
Number of asset objects unloaded after import = 27
========================================================================
Received Import Request.
  Time since last request: 20.710331 seconds.
  path: Assets/Assets/Models/Mesh_wall_door_Final.fbx
  artifactKey: Guid(8aac8a1e14dbaf4499081810335427f1) Importer(815301076,1909f56bfc062723c751e8b465ee728b)
Start importing Assets/Assets/Models/Mesh_wall_door_Final.fbx using Guid(8aac8a1e14dbaf4499081810335427f1) Importer(815301076,1909f56bfc062723c751e8b465ee728b)  -> (artifact id: '7feb590bda3ef8e2e8b430c20f5e0863') in 0.056223 seconds
Number of updated asset objects reloaded before import = 0
Number of asset objects unloaded after import = 26
========================================================================
Received Import Request.
  Time since last request: 106.330193 seconds.
  path: Assets/Assets/Textures/Wood 026
  artifactKey: Guid(04e6f881b49ca414c93eed10ddf6f884) Importer(815301076,1909f56bfc062723c751e8b465ee728b)
Start importing Assets/Assets/Textures/Wood 026 using Guid(04e6f881b49ca414c93eed10ddf6f884) Importer(815301076,1909f56bfc062723c751e8b465ee728b)  -> (artifact id: 'a64be9d2dcc9fc6f638131b89ba73801') in 0.000656 seconds
Number of updated asset objects reloaded before import = 0
Number of asset objects unloaded after import = 0
========================================================================
Received Import Request.
  Time since last request: 9.135451 seconds.
  path: Assets/Assets/Textures/Wood 026/Wood_026_ambientOcclusion.jpg
  artifactKey: Guid(87341fcf72698204ba099dc57adbf2be) Importer(815301076,1909f56bfc062723c751e8b465ee728b)
Start importing Assets/Assets/Textures/Wood 026/Wood_026_ambientOcclusion.jpg using Guid(87341fcf72698204ba099dc57adbf2be) Importer(815301076,1909f56bfc062723c751e8b465ee728b)  -> (artifact id: 'cb0f68b763324a94e5b61b3d2bcdb0dd') in 0.021506 seconds
Number of updated asset objects reloaded before import = 0
Number of asset objects unloaded after import = 2
========================================================================
Received Import Request.
  Time since last request: 0.000015 seconds.
  path: Assets/Assets/Textures/Wood 026/Wood_026_height.png
  artifactKey: Guid(a8ca1d9c5441ec146b79c7cbc25780ef) Importer(815301076,1909f56bfc062723c751e8b465ee728b)
Start importing Assets/Assets/Textures/Wood 026/Wood_026_height.png using Guid(a8ca1d9c5441ec146b79c7cbc25780ef) Importer(815301076,1909f56bfc062723c751e8b465ee728b)  -> (artifact id: '7d0ccd5e6e86e6ca682b94383d22c1b8') in 0.013857 seconds
Number of updated asset objects reloaded before import = 0
Number of asset objects unloaded after import = 2
========================================================================
Received Import Request.
  Time since last request: 14.481771 seconds.
  path: Assets/Material/Wood_026.mat
  artifactKey: Guid(8cf4cccc4b834f644a76bf01b98f0815) Importer(815301076,1909f56bfc062723c751e8b465ee728b)
Start importing Assets/Material/Wood_026.mat using Guid(8cf4cccc4b834f644a76bf01b98f0815) Importer(815301076,1909f56bfc062723c751e8b465ee728b)  -> (artifact id: '3c7ed8be9fc281b4bd7382bef3505429') in 0.014933 seconds
Number of updated asset objects reloaded before import = 0
Number of asset objects unloaded after import = 1
========================================================================
Received Import Request.
  Time since last request: 6.719821 seconds.
  path: Assets/Material/Wood_027.mat
  artifactKey: Guid(72ba1112661109745a1205e689fbcea0) Importer(815301076,1909f56bfc062723c751e8b465ee728b)
Start importing Assets/Material/Wood_027.mat using Guid(72ba1112661109745a1205e689fbcea0) Importer(815301076,1909f56bfc062723c751e8b465ee728b)  -> (artifact id: '70f87f087247d28b86c6bb5c98931583') in 0.019368 seconds
Number of updated asset objects reloaded before import = 0
Number of asset objects unloaded after import = 6
========================================================================
Received Import Request.
  Time since last request: 8.742760 seconds.
  path: Assets/Assets/Textures/Wood 026/Wood_026_normal.jpg
  artifactKey: Guid(338ab25975782b843be846684f2b7ec0) Importer(815301076,1909f56bfc062723c751e8b465ee728b)
Start importing Assets/Assets/Textures/Wood 026/Wood_026_normal.jpg using Guid(338ab25975782b843be846684f2b7ec0) Importer(815301076,1909f56bfc062723c751e8b465ee728b)  -> (artifact id: '62a78cd3bc5d980f811201d947fe56f2') in 0.013866 seconds
Number of updated asset objects reloaded before import = 0
Number of asset objects unloaded after import = 2
========================================================================
Received Import Request.
  Time since last request: 28.546153 seconds.
  path: Assets/Assets/Models/Mesh_wall_door_Final.fbx
  artifactKey: Guid(8aac8a1e14dbaf4499081810335427f1) Importer(815301076,1909f56bfc062723c751e8b465ee728b)
Start importing Assets/Assets/Models/Mesh_wall_door_Final.fbx using Guid(8aac8a1e14dbaf4499081810335427f1) Importer(815301076,1909f56bfc062723c751e8b465ee728b)  -> (artifact id: '3d7162e3bdfad09cff79203a8809ace9') in 0.068337 seconds
Number of updated asset objects reloaded before import = 0
Number of asset objects unloaded after import = 30
========================================================================
Received Import Request.
  Time since last request: 30.108184 seconds.
  path: Assets/Assets/Models/Mesh_wall_door_Final.fbx
  artifactKey: Guid(8aac8a1e14dbaf4499081810335427f1) Importer(815301076,1909f56bfc062723c751e8b465ee728b)
Start importing Assets/Assets/Models/Mesh_wall_door_Final.fbx using Guid(8aac8a1e14dbaf4499081810335427f1) Importer(815301076,1909f56bfc062723c751e8b465ee728b)  -> (artifact id: '01208266bd4ae63977d11238fafb36de') in 0.038988 seconds
Number of updated asset objects reloaded before import = 0
Number of asset objects unloaded after import = 30
========================================================================
Received Import Request.
  Time since last request: 24.595234 seconds.
  path: Assets/Material/Wood_026.mat
  artifactKey: Guid(8cf4cccc4b834f644a76bf01b98f0815) Importer(815301076,1909f56bfc062723c751e8b465ee728b)
Start importing Assets/Material/Wood_026.mat using Guid(8cf4cccc4b834f644a76bf01b98f0815) Importer(815301076,1909f56bfc062723c751e8b465ee728b)  -> (artifact id: 'bd118bca017a09e686c0b87c0a1d146d') in 0.023612 seconds
Number of updated asset objects reloaded before import = 0
Number of asset objects unloaded after import = 6
