Using pre-set license
Built from '2022.3/staging' branch; Version is '2022.3.3f1 (7cdc2969a641) revision 8182825'; Using compiler version '192829333'; Build Type 'Release'
OS: 'Windows 11  (10.0.22621) 64bit Core' Language: 'ca' Physical Memory: 16251 MB
BatchMode: 1, IsHumanControllingUs: 0, StartBugReporterOnCrash: 0, Is64bit: 1, IsPro: 1

COMMAND LINE ARGUMENTS:
C:\Program Files\Unity\Hub\Editor\2022.3.3f1\Editor\Unity.exe
-adb2
-batchMode
-noUpm
-name
AssetImportWorker2
-projectPath
C:/Git hub/Sweetie-Die-V0/Sweetie-Die
-logFile
Logs/AssetImportWorker2.log
-srvPort
57525
Successfully changed project path to: C:/Git hub/Sweetie-Die-V0/Sweetie-Die
C:/Git hub/Sweetie-Die-V0/Sweetie-Die
[UnityMemory] Configuration Parameters - Can be set up in boot.config
    "memorysetup-bucket-allocator-granularity=16"
    "memorysetup-bucket-allocator-bucket-count=8"
    "memorysetup-bucket-allocator-block-size=33554432"
    "memorysetup-bucket-allocator-block-count=8"
    "memorysetup-main-allocator-block-size=16777216"
    "memorysetup-thread-allocator-block-size=16777216"
    "memorysetup-gfx-main-allocator-block-size=16777216"
    "memorysetup-gfx-thread-allocator-block-size=16777216"
    "memorysetup-cache-allocator-block-size=4194304"
    "memorysetup-typetree-allocator-block-size=2097152"
    "memorysetup-profiler-bucket-allocator-granularity=16"
    "memorysetup-profiler-bucket-allocator-bucket-count=8"
    "memorysetup-profiler-bucket-allocator-block-size=33554432"
    "memorysetup-profiler-bucket-allocator-block-count=8"
    "memorysetup-profiler-allocator-block-size=16777216"
    "memorysetup-profiler-editor-allocator-block-size=1048576"
    "memorysetup-temp-allocator-size-main=16777216"
    "memorysetup-job-temp-allocator-block-size=2097152"
    "memorysetup-job-temp-allocator-block-size-background=1048576"
    "memorysetup-job-temp-allocator-reduction-small-platforms=262144"
    "memorysetup-allocator-temp-initial-block-size-main=262144"
    "memorysetup-allocator-temp-initial-block-size-worker=262144"
    "memorysetup-temp-allocator-size-background-worker=32768"
    "memorysetup-temp-allocator-size-job-worker=262144"
    "memorysetup-temp-allocator-size-preload-manager=33554432"
    "memorysetup-temp-allocator-size-nav-mesh-worker=65536"
    "memorysetup-temp-allocator-size-audio-worker=65536"
    "memorysetup-temp-allocator-size-cloud-worker=32768"
    "memorysetup-temp-allocator-size-gi-baking-worker=262144"
    "memorysetup-temp-allocator-size-gfx=262144"
Player connection [18612] Host "[IP] 192.168.1.211 [Port] 0 [Flags] 2 [Guid] 1193928490 [EditorId] 1193928490 [Version] 1048832 [Id] WindowsEditor(7,LAPTOP-VUKV9B3N) [Debug] 1 [PackageName] WindowsEditor [ProjectName] Editor" joined multi-casting on [225.0.0.222:54997]...

Player connection [18612] Host "[IP] 192.168.1.211 [Port] 0 [Flags] 2 [Guid] 1193928490 [EditorId] 1193928490 [Version] 1048832 [Id] WindowsEditor(7,LAPTOP-VUKV9B3N) [Debug] 1 [PackageName] WindowsEditor [ProjectName] Editor" joined alternative multi-casting on [225.0.0.222:34997]...

Refreshing native plugins compatible for Editor in 0.00 ms, found 0 plugins.
Preloading 0 native plugins for Editor in 0.00 ms.
Initialize engine version: 2022.3.3f1 (7cdc2969a641)
[Subsystems] Discovering subsystems at path C:/Program Files/Unity/Hub/Editor/2022.3.3f1/Editor/Data/Resources/UnitySubsystems
[Subsystems] Discovering subsystems at path C:/Git hub/Sweetie-Die-V0/Sweetie-Die/Assets
GfxDevice: creating device client; threaded=0; jobified=0
Direct3D:
    Version:  Direct3D 11.0 [level 11.1]
    Renderer: NVIDIA GeForce GTX 1650 (ID=0x1f99)
    Vendor:   NVIDIA
    VRAM:     3962 MB
    Driver:   27.21.14.6230
Initialize mono
Mono path[0] = 'C:/Program Files/Unity/Hub/Editor/2022.3.3f1/Editor/Data/Managed'
Mono path[1] = 'C:/Program Files/Unity/Hub/Editor/2022.3.3f1/Editor/Data/MonoBleedingEdge/lib/mono/unityjit-win32'
Mono config path = 'C:/Program Files/Unity/Hub/Editor/2022.3.3f1/Editor/Data/MonoBleedingEdge/etc'
Using monoOptions --debugger-agent=transport=dt_socket,embedding=1,server=y,suspend=n,address=127.0.0.1:56720
Begin MonoManager ReloadAssembly
Registering precompiled unity dll's ...
Register platform support module: C:/Program Files/Unity/Hub/Editor/2022.3.3f1/Editor/Data/PlaybackEngines/WindowsStandaloneSupport/UnityEditor.WindowsStandalone.Extensions.dll
Registered in 0.010469 seconds.
- Loaded All Assemblies, in  0.817 seconds
Native extension for WindowsStandalone target not found
Mono: successfully reloaded assembly
- Finished resetting the current domain, in  0.645 seconds
Domain Reload Profiling: 1459ms
	BeginReloadAssembly (298ms)
		ExecutionOrderSort (0ms)
		DisableScriptedObjects (0ms)
		BackupInstance (0ms)
		ReleaseScriptingObjects (0ms)
		CreateAndSetChildDomain (2ms)
	RebuildCommonClasses (114ms)
	RebuildNativeTypeToScriptingClass (36ms)
	initialDomainReloadingComplete (108ms)
	LoadAllAssembliesAndSetupDomain (257ms)
		LoadAssemblies (290ms)
		RebuildTransferFunctionScriptingTraits (0ms)
		AnalyzeDomain (243ms)
			TypeCache.Refresh (241ms)
				TypeCache.ScanAssembly (223ms)
			ScanForSourceGeneratedMonoScriptInfo (1ms)
			ResolveRequiredComponents (1ms)
	FinalizeReload (646ms)
		ReleaseScriptCaches (0ms)
		RebuildScriptCaches (0ms)
		SetupLoadedEditorAssemblies (542ms)
			LogAssemblyErrors (0ms)
			InitializePlatformSupportModulesInManaged (20ms)
			SetLoadedEditorAssemblies (19ms)
			RefreshPlugins (0ms)
			BeforeProcessingInitializeOnLoad (6ms)
			ProcessInitializeOnLoadAttributes (360ms)
			ProcessInitializeOnLoadMethodAttributes (138ms)
			AfterProcessingInitializeOnLoad (0ms)
			EditorAssembliesLoaded (0ms)
		ExecutionOrderSort2 (0ms)
		AwakeInstancesAfterBackupRestoration (0ms)
========================================================================
Worker process is ready to serve import requests
Begin MonoManager ReloadAssembly
- Loaded All Assemblies, in  0.531 seconds
Refreshing native plugins compatible for Editor in 0.00 ms, found 0 plugins.
Native extension for WindowsStandalone target not found
Mono: successfully reloaded assembly
- Finished resetting the current domain, in  0.625 seconds
Domain Reload Profiling: 1154ms
	BeginReloadAssembly (218ms)
		ExecutionOrderSort (0ms)
		DisableScriptedObjects (12ms)
		BackupInstance (0ms)
		ReleaseScriptingObjects (0ms)
		CreateAndSetChildDomain (30ms)
	RebuildCommonClasses (46ms)
	RebuildNativeTypeToScriptingClass (15ms)
	initialDomainReloadingComplete (32ms)
	LoadAllAssembliesAndSetupDomain (217ms)
		LoadAssemblies (109ms)
		RebuildTransferFunctionScriptingTraits (0ms)
		AnalyzeDomain (207ms)
			TypeCache.Refresh (200ms)
				TypeCache.ScanAssembly (183ms)
			ScanForSourceGeneratedMonoScriptInfo (2ms)
			ResolveRequiredComponents (5ms)
	FinalizeReload (626ms)
		ReleaseScriptCaches (0ms)
		RebuildScriptCaches (0ms)
		SetupLoadedEditorAssemblies (348ms)
			LogAssemblyErrors (0ms)
			InitializePlatformSupportModulesInManaged (9ms)
			SetLoadedEditorAssemblies (10ms)
			RefreshPlugins (0ms)
			BeforeProcessingInitializeOnLoad (68ms)
			ProcessInitializeOnLoadAttributes (214ms)
			ProcessInitializeOnLoadMethodAttributes (34ms)
			AfterProcessingInitializeOnLoad (12ms)
			EditorAssembliesLoaded (0ms)
		ExecutionOrderSort2 (0ms)
		AwakeInstancesAfterBackupRestoration (9ms)
Launched and connected shader compiler UnityShaderCompiler.exe after 0.07 seconds
Refreshing native plugins compatible for Editor in 0.00 ms, found 0 plugins.
Preloading 0 native plugins for Editor in 0.00 ms.
Unloading 348 Unused Serialized files (Serialized files now loaded: 0)
Unloading 3 unused Assets / (48.5 KB). Loaded Objects now: 822.
Memory consumption went from 57.1 MB to 57.0 MB.
Total: 4.233700 ms (FindLiveObjects: 0.092100 ms CreateObjectMapping: 0.023200 ms MarkObjects: 4.022600 ms  DeleteObjects: 0.094200 ms)

AssetImportParameters requested are different than current active one (requested -> active):
  custom:video-encoder-webm-vp8: eb34c28f22e8b96e1ab97ce403110664 -> 
  custom:video-decoder-webm-vp8: 9c59270c3fd7afecdb556c50c9e8de78 -> 
  custom:audio-decoder-ogg-vorbis: bf7c407c2cedff20999df2af8eb42d56 -> 
  custom:video-decoder-ogg-theora: a1e56fd34408186e4bbccfd4996cb3dc -> 
  custom:audio-encoder-webm-vorbis: bf7c407c2cedff20999df2af8eb42d56 -> 
  custom:container-demuxer-webm: 4f35f7cbe854078d1ac9338744f61a02 -> 
  custom:container-muxer-webm: aa71ff27fc2769a1b78a27578f13a17b -> 
  custom:video-codec-MediaFoundation-h265: 746d11721c4dcdbdad8f713fa42b33f4 -> 
  custom:container-demuxer-ogg: 62fdf1f143b41e24485cea50d1cbac27 -> 
  custom:AudioImporter_EditorPlatform: d09bf68614088b80899f8185d706f6e7 -> 
  custom:framework-win-MediaFoundation: 216162199b28c13a410421893ffa2e32 -> 
========================================================================
Received Import Request.
  Time since last request: 346236.904777 seconds.
  path: Assets/Material/Blueprint.mat
  artifactKey: Guid(ccf9e968b7111403792b20514bfb5409) Importer(815301076,1909f56bfc062723c751e8b465ee728b)
Start importing Assets/Material/Blueprint.mat using Guid(ccf9e968b7111403792b20514bfb5409) Importer(815301076,1909f56bfc062723c751e8b465ee728b)  -> (artifact id: 'cd416a723ae3abf700cff416d3a735de') in 0.390110 seconds
Number of updated asset objects reloaded before import = 0
Number of asset objects unloaded after import = 2
========================================================================
Received Import Request.
  Time since last request: 1.366822 seconds.
  path: Assets/DON'T USE THESE ASSETS -Models/Mesh_wall_corner_corridor.fbx
  artifactKey: Guid(1f2f77c7d1dd15542a91ff843be4c41a) Importer(815301076,1909f56bfc062723c751e8b465ee728b)
Start importing Assets/DON'T USE THESE ASSETS -Models/Mesh_wall_corner_corridor.fbx using Guid(1f2f77c7d1dd15542a91ff843be4c41a) Importer(815301076,1909f56bfc062723c751e8b465ee728b)  -> (artifact id: 'd9feaf7a5502ef88ddd1f969c26376d1') in 0.173584 seconds
Number of updated asset objects reloaded before import = 0
Number of asset objects unloaded after import = 19
========================================================================
Received Import Request.
  Time since last request: 0.000036 seconds.
  path: Assets/DON'T USE THESE ASSETS -Models/Mesh_wall_deadend.fbx
  artifactKey: Guid(8cd7a445929fb9c41843439222b11db1) Importer(815301076,1909f56bfc062723c751e8b465ee728b)
Start importing Assets/DON'T USE THESE ASSETS -Models/Mesh_wall_deadend.fbx using Guid(8cd7a445929fb9c41843439222b11db1) Importer(815301076,1909f56bfc062723c751e8b465ee728b)  -> (artifact id: '45f294dd1ed64d5473271d40bd152f0f') in 0.080139 seconds
Number of updated asset objects reloaded before import = 0
Number of asset objects unloaded after import = 19
========================================================================
Received Prepare
Begin MonoManager ReloadAssembly
- Loaded All Assemblies, in  0.342 seconds
Refreshing native plugins compatible for Editor in 0.00 ms, found 0 plugins.
Native extension for WindowsStandalone target not found
Mono: successfully reloaded assembly
- Finished resetting the current domain, in  0.637 seconds
Domain Reload Profiling: 977ms
	BeginReloadAssembly (200ms)
		ExecutionOrderSort (0ms)
		DisableScriptedObjects (9ms)
		BackupInstance (0ms)
		ReleaseScriptingObjects (0ms)
		CreateAndSetChildDomain (35ms)
	RebuildCommonClasses (58ms)
	RebuildNativeTypeToScriptingClass (24ms)
	initialDomainReloadingComplete (40ms)
	LoadAllAssembliesAndSetupDomain (16ms)
		LoadAssemblies (115ms)
		RebuildTransferFunctionScriptingTraits (0ms)
		AnalyzeDomain (5ms)
			TypeCache.Refresh (0ms)
				TypeCache.ScanAssembly (0ms)
			ScanForSourceGeneratedMonoScriptInfo (0ms)
			ResolveRequiredComponents (4ms)
	FinalizeReload (638ms)
		ReleaseScriptCaches (0ms)
		RebuildScriptCaches (0ms)
		SetupLoadedEditorAssemblies (359ms)
			LogAssemblyErrors (0ms)
			InitializePlatformSupportModulesInManaged (12ms)
			SetLoadedEditorAssemblies (9ms)
			RefreshPlugins (0ms)
			BeforeProcessingInitializeOnLoad (65ms)
			ProcessInitializeOnLoadAttributes (204ms)
			ProcessInitializeOnLoadMethodAttributes (42ms)
			AfterProcessingInitializeOnLoad (27ms)
			EditorAssembliesLoaded (0ms)
		ExecutionOrderSort2 (0ms)
		AwakeInstancesAfterBackupRestoration (19ms)
Refreshing native plugins compatible for Editor in 0.00 ms, found 0 plugins.
Preloading 0 native plugins for Editor in 0.00 ms.
Unloading 328 Unused Serialized files (Serialized files now loaded: 0)
Unloading 1 unused Assets / (22.7 KB). Loaded Objects now: 866.
Memory consumption went from 57.6 MB to 57.5 MB.
Total: 4.006000 ms (FindLiveObjects: 0.105800 ms CreateObjectMapping: 0.023400 ms MarkObjects: 3.850400 ms  DeleteObjects: 0.025000 ms)

Prepare: number of updated asset objects reloaded= 0
AssetImportParameters requested are different than current active one (requested -> active):
  custom:video-encoder-webm-vp8: eb34c28f22e8b96e1ab97ce403110664 -> 
  custom:video-decoder-webm-vp8: 9c59270c3fd7afecdb556c50c9e8de78 -> 
  custom:audio-decoder-ogg-vorbis: bf7c407c2cedff20999df2af8eb42d56 -> 
  custom:video-decoder-ogg-theora: a1e56fd34408186e4bbccfd4996cb3dc -> 
  custom:audio-encoder-webm-vorbis: bf7c407c2cedff20999df2af8eb42d56 -> 
  custom:container-demuxer-webm: 4f35f7cbe854078d1ac9338744f61a02 -> 
  custom:container-muxer-webm: aa71ff27fc2769a1b78a27578f13a17b -> 
  custom:video-codec-MediaFoundation-h265: 746d11721c4dcdbdad8f713fa42b33f4 -> 
  custom:container-demuxer-ogg: 62fdf1f143b41e24485cea50d1cbac27 -> 
  custom:AudioImporter_EditorPlatform: d09bf68614088b80899f8185d706f6e7 -> 
  custom:framework-win-MediaFoundation: 216162199b28c13a410421893ffa2e32 -> 
========================================================================
Received Prepare
Begin MonoManager ReloadAssembly
- Loaded All Assemblies, in  0.335 seconds
Refreshing native plugins compatible for Editor in 0.00 ms, found 0 plugins.
Native extension for WindowsStandalone target not found
Mono: successfully reloaded assembly
- Finished resetting the current domain, in  0.653 seconds
Domain Reload Profiling: 984ms
	BeginReloadAssembly (196ms)
		ExecutionOrderSort (0ms)
		DisableScriptedObjects (15ms)
		BackupInstance (0ms)
		ReleaseScriptingObjects (0ms)
		CreateAndSetChildDomain (27ms)
	RebuildCommonClasses (57ms)
	RebuildNativeTypeToScriptingClass (20ms)
	initialDomainReloadingComplete (41ms)
	LoadAllAssembliesAndSetupDomain (17ms)
		LoadAssemblies (116ms)
		RebuildTransferFunctionScriptingTraits (0ms)
		AnalyzeDomain (4ms)
			TypeCache.Refresh (0ms)
				TypeCache.ScanAssembly (0ms)
			ScanForSourceGeneratedMonoScriptInfo (0ms)
			ResolveRequiredComponents (4ms)
	FinalizeReload (653ms)
		ReleaseScriptCaches (0ms)
		RebuildScriptCaches (0ms)
		SetupLoadedEditorAssemblies (364ms)
			LogAssemblyErrors (0ms)
			InitializePlatformSupportModulesInManaged (13ms)
			SetLoadedEditorAssemblies (11ms)
			RefreshPlugins (0ms)
			BeforeProcessingInitializeOnLoad (69ms)
			ProcessInitializeOnLoadAttributes (222ms)
			ProcessInitializeOnLoadMethodAttributes (38ms)
			AfterProcessingInitializeOnLoad (12ms)
			EditorAssembliesLoaded (0ms)
		ExecutionOrderSort2 (0ms)
		AwakeInstancesAfterBackupRestoration (10ms)
Refreshing native plugins compatible for Editor in 0.00 ms, found 0 plugins.
Preloading 0 native plugins for Editor in 0.00 ms.
Unloading 329 Unused Serialized files (Serialized files now loaded: 0)
Unloading 1 unused Assets / (22.7 KB). Loaded Objects now: 866.
Memory consumption went from 57.8 MB to 57.8 MB.
Total: 5.063600 ms (FindLiveObjects: 0.121200 ms CreateObjectMapping: 0.042400 ms MarkObjects: 4.870500 ms  DeleteObjects: 0.027700 ms)

Prepare: number of updated asset objects reloaded= 0
AssetImportParameters requested are different than current active one (requested -> active):
  custom:video-encoder-webm-vp8: eb34c28f22e8b96e1ab97ce403110664 -> 
  custom:video-decoder-webm-vp8: 9c59270c3fd7afecdb556c50c9e8de78 -> 
  custom:audio-decoder-ogg-vorbis: bf7c407c2cedff20999df2af8eb42d56 -> 
  custom:video-decoder-ogg-theora: a1e56fd34408186e4bbccfd4996cb3dc -> 
  custom:audio-encoder-webm-vorbis: bf7c407c2cedff20999df2af8eb42d56 -> 
  custom:container-demuxer-webm: 4f35f7cbe854078d1ac9338744f61a02 -> 
  custom:container-muxer-webm: aa71ff27fc2769a1b78a27578f13a17b -> 
  custom:video-codec-MediaFoundation-h265: 746d11721c4dcdbdad8f713fa42b33f4 -> 
  custom:container-demuxer-ogg: 62fdf1f143b41e24485cea50d1cbac27 -> 
  custom:AudioImporter_EditorPlatform: d09bf68614088b80899f8185d706f6e7 -> 
  custom:framework-win-MediaFoundation: 216162199b28c13a410421893ffa2e32 -> 
========================================================================
Received Import Request.
  Time since last request: 114.482494 seconds.
  path: Assets/Prefab/Mesh_wall_double-corner_corridor Variant.prefab
  artifactKey: Guid(8c3dbb73a1685c146967ade3042b6d13) Importer(815301076,1909f56bfc062723c751e8b465ee728b)
Start importing Assets/Prefab/Mesh_wall_double-corner_corridor Variant.prefab using Guid(8c3dbb73a1685c146967ade3042b6d13) Importer(815301076,1909f56bfc062723c751e8b465ee728b)  -> (artifact id: '0d837d634c57b12ae1ceb77af040e398') in 0.035207 seconds
Number of updated asset objects reloaded before import = 0
Number of asset objects unloaded after import = 1
========================================================================
Received Import Request.
  Time since last request: 120.124760 seconds.
  path: Assets/DON'T USE THESE ASSETS -Models
  artifactKey: Guid(50b50288bab340c4d951b0f5e72892d7) Importer(815301076,1909f56bfc062723c751e8b465ee728b)
Start importing Assets/DON'T USE THESE ASSETS -Models using Guid(50b50288bab340c4d951b0f5e72892d7) Importer(815301076,1909f56bfc062723c751e8b465ee728b)  -> (artifact id: 'c02733bb415c0342a7ac03abd6e2ddc5') in 0.001162 seconds
Number of updated asset objects reloaded before import = 0
Number of asset objects unloaded after import = 0
========================================================================
Received Import Request.
  Time since last request: 15.421513 seconds.
  path: Assets/DON'T USE THESE ASSETS -Models/Mesh_wall_deadend.fbx
  artifactKey: Guid(8cd7a445929fb9c41843439222b11db1) Importer(815301076,1909f56bfc062723c751e8b465ee728b)
Start importing Assets/DON'T USE THESE ASSETS -Models/Mesh_wall_deadend.fbx using Guid(8cd7a445929fb9c41843439222b11db1) Importer(815301076,1909f56bfc062723c751e8b465ee728b)  -> (artifact id: '298f861e538bb843598e445cd02b0db4') in 0.299461 seconds
Number of updated asset objects reloaded before import = 0
Number of asset objects unloaded after import = 10
========================================================================
Received Import Request.
  Time since last request: 7.091883 seconds.
  path: Assets/DON'T USE THESE ASSETS -Models/Mesh_wall_deadend.fbx
  artifactKey: Guid(8cd7a445929fb9c41843439222b11db1) Importer(815301076,1909f56bfc062723c751e8b465ee728b)
Start importing Assets/DON'T USE THESE ASSETS -Models/Mesh_wall_deadend.fbx using Guid(8cd7a445929fb9c41843439222b11db1) Importer(815301076,1909f56bfc062723c751e8b465ee728b)  -> (artifact id: 'ee767f952c71568a2864a31b4fd19f9d') in 0.068345 seconds
Number of updated asset objects reloaded before import = 0
Number of asset objects unloaded after import = 11
========================================================================
Received Import Request.
  Time since last request: 13.103607 seconds.
  path: Assets/DON'T USE THESE ASSETS -Models/Mesh_wall_deadend.fbx
  artifactKey: Guid(8cd7a445929fb9c41843439222b11db1) Importer(815301076,1909f56bfc062723c751e8b465ee728b)
Start importing Assets/DON'T USE THESE ASSETS -Models/Mesh_wall_deadend.fbx using Guid(8cd7a445929fb9c41843439222b11db1) Importer(815301076,1909f56bfc062723c751e8b465ee728b)  -> (artifact id: '83019a5cbf06f3960e76eaf15c521f76') in 0.073970 seconds
Number of updated asset objects reloaded before import = 0
Number of asset objects unloaded after import = 19
========================================================================
Received Import Request.
  Time since last request: 11.566026 seconds.
  path: Assets/DON'T USE THESE ASSETS -Models/Mesh_wall_double.fbx
  artifactKey: Guid(882252dbe3d18754a99014a0d451c024) Importer(815301076,1909f56bfc062723c751e8b465ee728b)
Start importing Assets/DON'T USE THESE ASSETS -Models/Mesh_wall_double.fbx using Guid(882252dbe3d18754a99014a0d451c024) Importer(815301076,1909f56bfc062723c751e8b465ee728b)  -> (artifact id: 'da1b0d6fb08a08d989fdbaeef3ed41ec') in 0.074544 seconds
Number of updated asset objects reloaded before import = 0
Number of asset objects unloaded after import = 10
========================================================================
Received Import Request.
  Time since last request: 5.486093 seconds.
  path: Assets/DON'T USE THESE ASSETS -Models/Mesh_wall_double.fbx
  artifactKey: Guid(882252dbe3d18754a99014a0d451c024) Importer(815301076,1909f56bfc062723c751e8b465ee728b)
Start importing Assets/DON'T USE THESE ASSETS -Models/Mesh_wall_double.fbx using Guid(882252dbe3d18754a99014a0d451c024) Importer(815301076,1909f56bfc062723c751e8b465ee728b)  -> (artifact id: '9d6f8551f407d8534e82428c7595e23c') in 0.067319 seconds
Number of updated asset objects reloaded before import = 0
Number of asset objects unloaded after import = 11
========================================================================
Received Import Request.
  Time since last request: 12.300051 seconds.
  path: Assets/DON'T USE THESE ASSETS -Models/Mesh_wall_double.fbx
  artifactKey: Guid(882252dbe3d18754a99014a0d451c024) Importer(815301076,1909f56bfc062723c751e8b465ee728b)
Start importing Assets/DON'T USE THESE ASSETS -Models/Mesh_wall_double.fbx using Guid(882252dbe3d18754a99014a0d451c024) Importer(815301076,1909f56bfc062723c751e8b465ee728b)  -> (artifact id: '3dc095f6b3fac5d558376c05ccde8e72') in 0.072691 seconds
Number of updated asset objects reloaded before import = 0
Number of asset objects unloaded after import = 19
========================================================================
Received Import Request.
  Time since last request: 9.169084 seconds.
  path: Assets/DON'T USE THESE ASSETS -Models/Mesh_wall_double-corner.fbx
  artifactKey: Guid(8bef76ca6b84c264f974ede60e81cc8e) Importer(815301076,1909f56bfc062723c751e8b465ee728b)
Start importing Assets/DON'T USE THESE ASSETS -Models/Mesh_wall_double-corner.fbx using Guid(8bef76ca6b84c264f974ede60e81cc8e) Importer(815301076,1909f56bfc062723c751e8b465ee728b)  -> (artifact id: 'affd4e2bf362820ffb896d32b1481678') in 0.107687 seconds
Number of updated asset objects reloaded before import = 0
Number of asset objects unloaded after import = 13
========================================================================
Received Import Request.
  Time since last request: 5.498454 seconds.
  path: Assets/DON'T USE THESE ASSETS -Models/Mesh_wall_double-corner.fbx
  artifactKey: Guid(8bef76ca6b84c264f974ede60e81cc8e) Importer(815301076,1909f56bfc062723c751e8b465ee728b)
Start importing Assets/DON'T USE THESE ASSETS -Models/Mesh_wall_double-corner.fbx using Guid(8bef76ca6b84c264f974ede60e81cc8e) Importer(815301076,1909f56bfc062723c751e8b465ee728b)  -> (artifact id: '3c14fba28b199543dfb63b590bcdb0de') in 0.095207 seconds
Number of updated asset objects reloaded before import = 0
Number of asset objects unloaded after import = 14
========================================================================
Received Import Request.
  Time since last request: 20.217619 seconds.
  path: Assets/DON'T USE THESE ASSETS -Models/Mesh_wall_double-corner.fbx
  artifactKey: Guid(8bef76ca6b84c264f974ede60e81cc8e) Importer(815301076,1909f56bfc062723c751e8b465ee728b)
Start importing Assets/DON'T USE THESE ASSETS -Models/Mesh_wall_double-corner.fbx using Guid(8bef76ca6b84c264f974ede60e81cc8e) Importer(815301076,1909f56bfc062723c751e8b465ee728b)  -> (artifact id: 'fdd654dac07420cac12b8d67c358d2b0') in 0.076337 seconds
Number of updated asset objects reloaded before import = 0
Number of asset objects unloaded after import = 20
========================================================================
Received Prepare
Begin MonoManager ReloadAssembly
- Loaded All Assemblies, in  0.341 seconds
Refreshing native plugins compatible for Editor in 0.00 ms, found 0 plugins.
Native extension for WindowsStandalone target not found
Mono: successfully reloaded assembly
- Finished resetting the current domain, in  0.635 seconds
Domain Reload Profiling: 973ms
	BeginReloadAssembly (204ms)
		ExecutionOrderSort (0ms)
		DisableScriptedObjects (14ms)
		BackupInstance (0ms)
		ReleaseScriptingObjects (0ms)
		CreateAndSetChildDomain (32ms)
	RebuildCommonClasses (58ms)
	RebuildNativeTypeToScriptingClass (19ms)
	initialDomainReloadingComplete (40ms)
	LoadAllAssembliesAndSetupDomain (17ms)
		LoadAssemblies (116ms)
		RebuildTransferFunctionScriptingTraits (0ms)
		AnalyzeDomain (6ms)
			TypeCache.Refresh (0ms)
				TypeCache.ScanAssembly (0ms)
			ScanForSourceGeneratedMonoScriptInfo (0ms)
			ResolveRequiredComponents (5ms)
	FinalizeReload (635ms)
		ReleaseScriptCaches (0ms)
		RebuildScriptCaches (0ms)
		SetupLoadedEditorAssemblies (362ms)
			LogAssemblyErrors (0ms)
			InitializePlatformSupportModulesInManaged (14ms)
			SetLoadedEditorAssemblies (12ms)
			RefreshPlugins (0ms)
			BeforeProcessingInitializeOnLoad (57ms)
			ProcessInitializeOnLoadAttributes (232ms)
			ProcessInitializeOnLoadMethodAttributes (33ms)
			AfterProcessingInitializeOnLoad (14ms)
			EditorAssembliesLoaded (0ms)
		ExecutionOrderSort2 (0ms)
		AwakeInstancesAfterBackupRestoration (13ms)
Refreshing native plugins compatible for Editor in 0.00 ms, found 0 plugins.
Preloading 0 native plugins for Editor in 0.00 ms.
Unloading 328 Unused Serialized files (Serialized files now loaded: 0)
Unloading 1 unused Assets / (22.7 KB). Loaded Objects now: 866.
Memory consumption went from 57.6 MB to 57.6 MB.
Total: 9.381000 ms (FindLiveObjects: 0.325500 ms CreateObjectMapping: 0.053500 ms MarkObjects: 8.937900 ms  DeleteObjects: 0.061400 ms)

Prepare: number of updated asset objects reloaded= 0
AssetImportParameters requested are different than current active one (requested -> active):
  custom:video-encoder-webm-vp8: eb34c28f22e8b96e1ab97ce403110664 -> 
  custom:video-decoder-webm-vp8: 9c59270c3fd7afecdb556c50c9e8de78 -> 
  custom:audio-decoder-ogg-vorbis: bf7c407c2cedff20999df2af8eb42d56 -> 
  custom:video-decoder-ogg-theora: a1e56fd34408186e4bbccfd4996cb3dc -> 
  custom:audio-encoder-webm-vorbis: bf7c407c2cedff20999df2af8eb42d56 -> 
  custom:container-demuxer-webm: 4f35f7cbe854078d1ac9338744f61a02 -> 
  custom:container-muxer-webm: aa71ff27fc2769a1b78a27578f13a17b -> 
  custom:video-codec-MediaFoundation-h265: 746d11721c4dcdbdad8f713fa42b33f4 -> 
  custom:container-demuxer-ogg: 62fdf1f143b41e24485cea50d1cbac27 -> 
  custom:AudioImporter_EditorPlatform: d09bf68614088b80899f8185d706f6e7 -> 
  custom:framework-win-MediaFoundation: 216162199b28c13a410421893ffa2e32 -> 
========================================================================
Received Prepare
Begin MonoManager ReloadAssembly
- Loaded All Assemblies, in  0.358 seconds
Refreshing native plugins compatible for Editor in 0.00 ms, found 0 plugins.
Native extension for WindowsStandalone target not found
Mono: successfully reloaded assembly
- Finished resetting the current domain, in  0.604 seconds
Domain Reload Profiling: 960ms
	BeginReloadAssembly (215ms)
		ExecutionOrderSort (0ms)
		DisableScriptedObjects (20ms)
		BackupInstance (0ms)
		ReleaseScriptingObjects (0ms)
		CreateAndSetChildDomain (35ms)
	RebuildCommonClasses (65ms)
	RebuildNativeTypeToScriptingClass (20ms)
	initialDomainReloadingComplete (40ms)
	LoadAllAssembliesAndSetupDomain (16ms)
		LoadAssemblies (112ms)
		RebuildTransferFunctionScriptingTraits (0ms)
		AnalyzeDomain (4ms)
			TypeCache.Refresh (0ms)
				TypeCache.ScanAssembly (0ms)
			ScanForSourceGeneratedMonoScriptInfo (0ms)
			ResolveRequiredComponents (4ms)
	FinalizeReload (605ms)
		ReleaseScriptCaches (0ms)
		RebuildScriptCaches (0ms)
		SetupLoadedEditorAssemblies (351ms)
			LogAssemblyErrors (0ms)
			InitializePlatformSupportModulesInManaged (10ms)
			SetLoadedEditorAssemblies (9ms)
			RefreshPlugins (0ms)
			BeforeProcessingInitializeOnLoad (68ms)
			ProcessInitializeOnLoadAttributes (215ms)
			ProcessInitializeOnLoadMethodAttributes (33ms)
			AfterProcessingInitializeOnLoad (16ms)
			EditorAssembliesLoaded (0ms)
		ExecutionOrderSort2 (0ms)
		AwakeInstancesAfterBackupRestoration (9ms)
Refreshing native plugins compatible for Editor in 0.00 ms, found 0 plugins.
Preloading 0 native plugins for Editor in 0.00 ms.
Unloading 329 Unused Serialized files (Serialized files now loaded: 0)
Unloading 1 unused Assets / (22.7 KB). Loaded Objects now: 866.
Memory consumption went from 57.9 MB to 57.8 MB.
Total: 3.600500 ms (FindLiveObjects: 0.122800 ms CreateObjectMapping: 0.060900 ms MarkObjects: 3.377700 ms  DeleteObjects: 0.038100 ms)

Prepare: number of updated asset objects reloaded= 0
AssetImportParameters requested are different than current active one (requested -> active):
  custom:video-encoder-webm-vp8: eb34c28f22e8b96e1ab97ce403110664 -> 
  custom:video-decoder-webm-vp8: 9c59270c3fd7afecdb556c50c9e8de78 -> 
  custom:audio-decoder-ogg-vorbis: bf7c407c2cedff20999df2af8eb42d56 -> 
  custom:video-decoder-ogg-theora: a1e56fd34408186e4bbccfd4996cb3dc -> 
  custom:audio-encoder-webm-vorbis: bf7c407c2cedff20999df2af8eb42d56 -> 
  custom:container-demuxer-webm: 4f35f7cbe854078d1ac9338744f61a02 -> 
  custom:container-muxer-webm: aa71ff27fc2769a1b78a27578f13a17b -> 
  custom:video-codec-MediaFoundation-h265: 746d11721c4dcdbdad8f713fa42b33f4 -> 
  custom:container-demuxer-ogg: 62fdf1f143b41e24485cea50d1cbac27 -> 
  custom:AudioImporter_EditorPlatform: d09bf68614088b80899f8185d706f6e7 -> 
  custom:framework-win-MediaFoundation: 216162199b28c13a410421893ffa2e32 -> 
========================================================================
Received Prepare
Begin MonoManager ReloadAssembly
- Loaded All Assemblies, in  0.341 seconds
Refreshing native plugins compatible for Editor in 0.00 ms, found 0 plugins.
Native extension for WindowsStandalone target not found
Mono: successfully reloaded assembly
- Finished resetting the current domain, in  0.611 seconds
Domain Reload Profiling: 948ms
	BeginReloadAssembly (201ms)
		ExecutionOrderSort (0ms)
		DisableScriptedObjects (12ms)
		BackupInstance (0ms)
		ReleaseScriptingObjects (0ms)
		CreateAndSetChildDomain (30ms)
	RebuildCommonClasses (57ms)
	RebuildNativeTypeToScriptingClass (19ms)
	initialDomainReloadingComplete (43ms)
	LoadAllAssembliesAndSetupDomain (18ms)
		LoadAssemblies (119ms)
		RebuildTransferFunctionScriptingTraits (0ms)
		AnalyzeDomain (4ms)
			TypeCache.Refresh (0ms)
				TypeCache.ScanAssembly (0ms)
			ScanForSourceGeneratedMonoScriptInfo (0ms)
			ResolveRequiredComponents (4ms)
	FinalizeReload (611ms)
		ReleaseScriptCaches (0ms)
		RebuildScriptCaches (0ms)
		SetupLoadedEditorAssemblies (355ms)
			LogAssemblyErrors (0ms)
			InitializePlatformSupportModulesInManaged (10ms)
			SetLoadedEditorAssemblies (9ms)
			RefreshPlugins (0ms)
			BeforeProcessingInitializeOnLoad (72ms)
			ProcessInitializeOnLoadAttributes (220ms)
			ProcessInitializeOnLoadMethodAttributes (31ms)
			AfterProcessingInitializeOnLoad (14ms)
			EditorAssembliesLoaded (0ms)
		ExecutionOrderSort2 (0ms)
		AwakeInstancesAfterBackupRestoration (11ms)
Refreshing native plugins compatible for Editor in 0.00 ms, found 0 plugins.
Preloading 0 native plugins for Editor in 0.00 ms.
Unloading 329 Unused Serialized files (Serialized files now loaded: 0)
Unloading 1 unused Assets / (22.7 KB). Loaded Objects now: 866.
Memory consumption went from 57.9 MB to 57.8 MB.
Total: 4.975400 ms (FindLiveObjects: 0.157700 ms CreateObjectMapping: 0.034000 ms MarkObjects: 4.757400 ms  DeleteObjects: 0.024900 ms)

Prepare: number of updated asset objects reloaded= 0
AssetImportParameters requested are different than current active one (requested -> active):
  custom:video-encoder-webm-vp8: eb34c28f22e8b96e1ab97ce403110664 -> 
  custom:video-decoder-webm-vp8: 9c59270c3fd7afecdb556c50c9e8de78 -> 
  custom:audio-decoder-ogg-vorbis: bf7c407c2cedff20999df2af8eb42d56 -> 
  custom:video-decoder-ogg-theora: a1e56fd34408186e4bbccfd4996cb3dc -> 
  custom:audio-encoder-webm-vorbis: bf7c407c2cedff20999df2af8eb42d56 -> 
  custom:container-demuxer-webm: 4f35f7cbe854078d1ac9338744f61a02 -> 
  custom:container-muxer-webm: aa71ff27fc2769a1b78a27578f13a17b -> 
  custom:video-codec-MediaFoundation-h265: 746d11721c4dcdbdad8f713fa42b33f4 -> 
  custom:container-demuxer-ogg: 62fdf1f143b41e24485cea50d1cbac27 -> 
  custom:AudioImporter_EditorPlatform: d09bf68614088b80899f8185d706f6e7 -> 
  custom:framework-win-MediaFoundation: 216162199b28c13a410421893ffa2e32 -> 
========================================================================
Received Prepare
Begin MonoManager ReloadAssembly
- Loaded All Assemblies, in  0.339 seconds
Refreshing native plugins compatible for Editor in 0.00 ms, found 0 plugins.
Native extension for WindowsStandalone target not found
Mono: successfully reloaded assembly
- Finished resetting the current domain, in  0.737 seconds
Domain Reload Profiling: 1073ms
	BeginReloadAssembly (203ms)
		ExecutionOrderSort (0ms)
		DisableScriptedObjects (9ms)
		BackupInstance (0ms)
		ReleaseScriptingObjects (0ms)
		CreateAndSetChildDomain (27ms)
	RebuildCommonClasses (59ms)
	RebuildNativeTypeToScriptingClass (19ms)
	initialDomainReloadingComplete (39ms)
	LoadAllAssembliesAndSetupDomain (16ms)
		LoadAssemblies (118ms)
		RebuildTransferFunctionScriptingTraits (0ms)
		AnalyzeDomain (4ms)
			TypeCache.Refresh (0ms)
				TypeCache.ScanAssembly (0ms)
			ScanForSourceGeneratedMonoScriptInfo (0ms)
			ResolveRequiredComponents (4ms)
	FinalizeReload (738ms)
		ReleaseScriptCaches (0ms)
		RebuildScriptCaches (0ms)
		SetupLoadedEditorAssemblies (420ms)
			LogAssemblyErrors (0ms)
			InitializePlatformSupportModulesInManaged (12ms)
			SetLoadedEditorAssemblies (10ms)
			RefreshPlugins (0ms)
			BeforeProcessingInitializeOnLoad (73ms)
			ProcessInitializeOnLoadAttributes (246ms)
			ProcessInitializeOnLoadMethodAttributes (56ms)
			AfterProcessingInitializeOnLoad (23ms)
			EditorAssembliesLoaded (0ms)
		ExecutionOrderSort2 (0ms)
		AwakeInstancesAfterBackupRestoration (18ms)
Refreshing native plugins compatible for Editor in 0.00 ms, found 0 plugins.
Preloading 0 native plugins for Editor in 0.00 ms.
Unloading 329 Unused Serialized files (Serialized files now loaded: 0)
Unloading 1 unused Assets / (22.7 KB). Loaded Objects now: 866.
Memory consumption went from 57.9 MB to 57.8 MB.
Total: 4.453700 ms (FindLiveObjects: 0.114400 ms CreateObjectMapping: 0.027700 ms MarkObjects: 4.277900 ms  DeleteObjects: 0.031900 ms)

Prepare: number of updated asset objects reloaded= 0
AssetImportParameters requested are different than current active one (requested -> active):
  custom:video-encoder-webm-vp8: eb34c28f22e8b96e1ab97ce403110664 -> 
  custom:video-decoder-webm-vp8: 9c59270c3fd7afecdb556c50c9e8de78 -> 
  custom:audio-decoder-ogg-vorbis: bf7c407c2cedff20999df2af8eb42d56 -> 
  custom:video-decoder-ogg-theora: a1e56fd34408186e4bbccfd4996cb3dc -> 
  custom:audio-encoder-webm-vorbis: bf7c407c2cedff20999df2af8eb42d56 -> 
  custom:container-demuxer-webm: 4f35f7cbe854078d1ac9338744f61a02 -> 
  custom:container-muxer-webm: aa71ff27fc2769a1b78a27578f13a17b -> 
  custom:video-codec-MediaFoundation-h265: 746d11721c4dcdbdad8f713fa42b33f4 -> 
  custom:container-demuxer-ogg: 62fdf1f143b41e24485cea50d1cbac27 -> 
  custom:AudioImporter_EditorPlatform: d09bf68614088b80899f8185d706f6e7 -> 
  custom:framework-win-MediaFoundation: 216162199b28c13a410421893ffa2e32 -> 
========================================================================
Received Import Request.
  Time since last request: 3577.647827 seconds.
  path: Assets/Textures/Wallpaper Art Deco 002/Wallpaper_ArtDeco_002_ambientOcclusion.jpg
  artifactKey: Guid(34f90dc214e4cb149a5b0d166f9d41ef) Importer(815301076,1909f56bfc062723c751e8b465ee728b)
Start importing Assets/Textures/Wallpaper Art Deco 002/Wallpaper_ArtDeco_002_ambientOcclusion.jpg using Guid(34f90dc214e4cb149a5b0d166f9d41ef) Importer(815301076,1909f56bfc062723c751e8b465ee728b)  -> (artifact id: '91575640c8489ca7747376eedd056bd6') in 0.080791 seconds
Number of updated asset objects reloaded before import = 0
Number of asset objects unloaded after import = 2
========================================================================
Received Import Request.
  Time since last request: 0.000019 seconds.
  path: Assets/Textures/Wallpaper Art Deco 002/Wallpaper_ArtDeco_002_roughness.jpg
  artifactKey: Guid(63e8fdd51e514274cac93de939e3a44d) Importer(815301076,1909f56bfc062723c751e8b465ee728b)
Start importing Assets/Textures/Wallpaper Art Deco 002/Wallpaper_ArtDeco_002_roughness.jpg using Guid(63e8fdd51e514274cac93de939e3a44d) Importer(815301076,1909f56bfc062723c751e8b465ee728b)  -> (artifact id: 'd6f3f9a68aace41729ccae4aaf80fb61') in 0.012842 seconds
Number of updated asset objects reloaded before import = 0
Number of asset objects unloaded after import = 2
========================================================================
Received Import Request.
  Time since last request: 0.000013 seconds.
  path: Assets/Textures/Wallpaper Art Deco 002/Wallpaper_ArtDeco_002_normal.jpg
  artifactKey: Guid(0792ddb86c8892f428c3e34fd8b6736c) Importer(815301076,1909f56bfc062723c751e8b465ee728b)
Start importing Assets/Textures/Wallpaper Art Deco 002/Wallpaper_ArtDeco_002_normal.jpg using Guid(0792ddb86c8892f428c3e34fd8b6736c) Importer(815301076,1909f56bfc062723c751e8b465ee728b)  -> (artifact id: 'dd3c7cba0aba839a82ac9b4ae4cf19b2') in 0.020454 seconds
Number of updated asset objects reloaded before import = 0
Number of asset objects unloaded after import = 2
========================================================================
Received Import Request.
  Time since last request: 0.000021 seconds.
  path: Assets/Textures/Wallpaper Art Deco 002/Wallpaper_ArtDeco_002_height.jpg
  artifactKey: Guid(abd3c91d7783f374e990899159af0f48) Importer(815301076,1909f56bfc062723c751e8b465ee728b)
Start importing Assets/Textures/Wallpaper Art Deco 002/Wallpaper_ArtDeco_002_height.jpg using Guid(abd3c91d7783f374e990899159af0f48) Importer(815301076,1909f56bfc062723c751e8b465ee728b)  -> (artifact id: 'c849e81e9b08b56f529fa12e6f2ad1f3') in 0.011108 seconds
Number of updated asset objects reloaded before import = 0
Number of asset objects unloaded after import = 2
========================================================================
Received Import Request.
  Time since last request: 10.041793 seconds.
  path: Assets/TextMesh Pro/Fonts/LiberationSans.ttf
  artifactKey: Guid(e3265ab4bf004d28a9537516768c1c75) Importer(815301076,1909f56bfc062723c751e8b465ee728b)
Start importing Assets/TextMesh Pro/Fonts/LiberationSans.ttf using Guid(e3265ab4bf004d28a9537516768c1c75) Importer(815301076,1909f56bfc062723c751e8b465ee728b)  -> (artifact id: '9a3110983ea49877164fe141a42adb16') in 0.053676 seconds
Number of updated asset objects reloaded before import = 0
Number of asset objects unloaded after import = 4
========================================================================
Received Import Request.
  Time since last request: 0.000019 seconds.
  path: Assets/Textures/Plaster 001/Plaster_001_NORM.jpg
  artifactKey: Guid(9f0aac11892918b4ca27e72ace6feaa7) Importer(815301076,1909f56bfc062723c751e8b465ee728b)
Start importing Assets/Textures/Plaster 001/Plaster_001_NORM.jpg using Guid(9f0aac11892918b4ca27e72ace6feaa7) Importer(815301076,1909f56bfc062723c751e8b465ee728b)  -> (artifact id: 'ad24eaae96b26685dd7218b3be90cb39') in 0.013725 seconds
Number of updated asset objects reloaded before import = 0
Number of asset objects unloaded after import = 2
========================================================================
Received Import Request.
  Time since last request: 0.000015 seconds.
  path: Assets/Textures/Wood 026/Wood_026_ambientOcclusion.jpg
  artifactKey: Guid(87341fcf72698204ba099dc57adbf2be) Importer(815301076,1909f56bfc062723c751e8b465ee728b)
Start importing Assets/Textures/Wood 026/Wood_026_ambientOcclusion.jpg using Guid(87341fcf72698204ba099dc57adbf2be) Importer(815301076,1909f56bfc062723c751e8b465ee728b)  -> (artifact id: '3e778e9274e6ce0a15c23bab4586d613') in 0.012823 seconds
Number of updated asset objects reloaded before import = 0
Number of asset objects unloaded after import = 2
========================================================================
Received Import Request.
  Time since last request: 0.000012 seconds.
  path: Assets/Textures/Wood 027/Wood_027_height.png
  artifactKey: Guid(8f92e1ea3f9ee664db327d754cd151f8) Importer(815301076,1909f56bfc062723c751e8b465ee728b)
Start importing Assets/Textures/Wood 027/Wood_027_height.png using Guid(8f92e1ea3f9ee664db327d754cd151f8) Importer(815301076,1909f56bfc062723c751e8b465ee728b)  -> (artifact id: 'e92ff6ff72b0488244b99c4232bdbfc3') in 0.011952 seconds
Number of updated asset objects reloaded before import = 0
Number of asset objects unloaded after import = 2
========================================================================
Received Import Request.
  Time since last request: 0.000017 seconds.
  path: Assets/Textures/Teracotta Tiles 006/Terracotta_Tiles_006_roughness.jpg
  artifactKey: Guid(f5ce351efe9488c448782a5175596e77) Importer(815301076,1909f56bfc062723c751e8b465ee728b)
Start importing Assets/Textures/Teracotta Tiles 006/Terracotta_Tiles_006_roughness.jpg using Guid(f5ce351efe9488c448782a5175596e77) Importer(815301076,1909f56bfc062723c751e8b465ee728b)  -> (artifact id: '9c31a402b4abb93555d480925a0d81e3') in 0.012187 seconds
Number of updated asset objects reloaded before import = 0
Number of asset objects unloaded after import = 2
========================================================================
Received Import Request.
  Time since last request: 0.000021 seconds.
  path: Assets/Textures/Wood 026/Wood_026_basecolor.jpg
  artifactKey: Guid(7b078ab3d099c6a47ad02b593a70eb5c) Importer(815301076,1909f56bfc062723c751e8b465ee728b)
Start importing Assets/Textures/Wood 026/Wood_026_basecolor.jpg using Guid(7b078ab3d099c6a47ad02b593a70eb5c) Importer(815301076,1909f56bfc062723c751e8b465ee728b)  -> (artifact id: 'b9c63891a3ca85f1aea0943b1679f2af') in 0.013986 seconds
Number of updated asset objects reloaded before import = 0
Number of asset objects unloaded after import = 2
========================================================================
Received Import Request.
  Time since last request: 0.000033 seconds.
  path: Assets/Textures/Wood 027/Wood_027_ambientOcclusion.jpg
  artifactKey: Guid(cf7835cdb4aba5547af042d127123aff) Importer(815301076,1909f56bfc062723c751e8b465ee728b)
Start importing Assets/Textures/Wood 027/Wood_027_ambientOcclusion.jpg using Guid(cf7835cdb4aba5547af042d127123aff) Importer(815301076,1909f56bfc062723c751e8b465ee728b)  -> (artifact id: '4ee117ae697afe2b4d7ad8bb0812c6d1') in 0.013269 seconds
Number of updated asset objects reloaded before import = 0
Number of asset objects unloaded after import = 2
========================================================================
Received Import Request.
  Time since last request: 0.000015 seconds.
  path: Assets/Textures/Plaster 001/Plaster_001_ROUGH.jpg
  artifactKey: Guid(502eb8c1e3bb41749a57d8a6f51ab309) Importer(815301076,1909f56bfc062723c751e8b465ee728b)
Start importing Assets/Textures/Plaster 001/Plaster_001_ROUGH.jpg using Guid(502eb8c1e3bb41749a57d8a6f51ab309) Importer(815301076,1909f56bfc062723c751e8b465ee728b)  -> (artifact id: '239557089bd28b57e0c16ba324de1e7e') in 0.011005 seconds
Number of updated asset objects reloaded before import = 0
Number of asset objects unloaded after import = 2
========================================================================
Received Import Request.
  Time since last request: 0.000026 seconds.
  path: Assets/Textures/Teracotta Tiles 006/Terracotta_Tiles_006_basecolor.jpg
  artifactKey: Guid(505d00bc6bd066540bc176ce2098f6c0) Importer(815301076,1909f56bfc062723c751e8b465ee728b)
Start importing Assets/Textures/Teracotta Tiles 006/Terracotta_Tiles_006_basecolor.jpg using Guid(505d00bc6bd066540bc176ce2098f6c0) Importer(815301076,1909f56bfc062723c751e8b465ee728b)  -> (artifact id: 'b676d5cf46f9024e40b7857af1ff85ab') in 0.010838 seconds
Number of updated asset objects reloaded before import = 0
Number of asset objects unloaded after import = 2
========================================================================
Received Import Request.
  Time since last request: 0.000012 seconds.
  path: Assets/TextMesh Pro/Resources/Fonts & Materials/LiberationSans SDF - Fallback.asset
  artifactKey: Guid(2e498d1c8094910479dc3e1b768306a4) Importer(815301076,1909f56bfc062723c751e8b465ee728b)
Start importing Assets/TextMesh Pro/Resources/Fonts & Materials/LiberationSans SDF - Fallback.asset using Guid(2e498d1c8094910479dc3e1b768306a4) Importer(815301076,1909f56bfc062723c751e8b465ee728b)  -> (artifact id: '7f66f92bdcb97c62b16146c46f7bdf1a') in 0.030544 seconds
Number of updated asset objects reloaded before import = 0
Number of asset objects unloaded after import = 6
========================================================================
Received Import Request.
  Time since last request: 0.000018 seconds.
  path: Assets/Textures/Plaster 001/Plaster_001_DISP.png
  artifactKey: Guid(f4a8782313b7af74d8f4c5bae210407e) Importer(815301076,1909f56bfc062723c751e8b465ee728b)
Start importing Assets/Textures/Plaster 001/Plaster_001_DISP.png using Guid(f4a8782313b7af74d8f4c5bae210407e) Importer(815301076,1909f56bfc062723c751e8b465ee728b)  -> (artifact id: '41f035a207829bf1757ae4821975a6a0') in 0.013924 seconds
Number of updated asset objects reloaded before import = 0
Number of asset objects unloaded after import = 2
========================================================================
Received Import Request.
  Time since last request: 0.000017 seconds.
  path: Assets/Textures/Plaster 001/Plaster_001_OCC.jpg
  artifactKey: Guid(4a69ea798ad22a04fa2444cb559814e4) Importer(815301076,1909f56bfc062723c751e8b465ee728b)
Start importing Assets/Textures/Plaster 001/Plaster_001_OCC.jpg using Guid(4a69ea798ad22a04fa2444cb559814e4) Importer(815301076,1909f56bfc062723c751e8b465ee728b)  -> (artifact id: '8ebfc29c99683aeec4be81b2907a1eef') in 0.011996 seconds
Number of updated asset objects reloaded before import = 0
Number of asset objects unloaded after import = 2
========================================================================
Received Import Request.
  Time since last request: 0.000012 seconds.
  path: Assets/Textures/Plaster 001/Plaster_001_COLOR.jpg
  artifactKey: Guid(85c3f6b4fb34c97498595c3b54e4d540) Importer(815301076,1909f56bfc062723c751e8b465ee728b)
Start importing Assets/Textures/Plaster 001/Plaster_001_COLOR.jpg using Guid(85c3f6b4fb34c97498595c3b54e4d540) Importer(815301076,1909f56bfc062723c751e8b465ee728b)  -> (artifact id: 'baa943eb0140e23e056ca8e7e35e11be') in 0.013095 seconds
Number of updated asset objects reloaded before import = 0
Number of asset objects unloaded after import = 2
========================================================================
Received Import Request.
  Time since last request: 306.362947 seconds.
  path: Assets/Material/Wallpaper ArtDeco 002.mat
  artifactKey: Guid(30756dde0cc79534cb97adb2c1dc40af) Importer(815301076,1909f56bfc062723c751e8b465ee728b)
Start importing Assets/Material/Wallpaper ArtDeco 002.mat using Guid(30756dde0cc79534cb97adb2c1dc40af) Importer(815301076,1909f56bfc062723c751e8b465ee728b)  -> (artifact id: 'fb7439bcac4b1207ae100bc80cbcba7a') in 0.045447 seconds
Number of updated asset objects reloaded before import = 0
Number of asset objects unloaded after import = 6
========================================================================
Received Import Request.
  Time since last request: 117.561704 seconds.
  path: Assets/Material/Plaster_001.mat
  artifactKey: Guid(f2a4062d884ef784ab85d9786279575c) Importer(815301076,1909f56bfc062723c751e8b465ee728b)
Start importing Assets/Material/Plaster_001.mat using Guid(f2a4062d884ef784ab85d9786279575c) Importer(815301076,1909f56bfc062723c751e8b465ee728b)  -> (artifact id: '683a140c1000b7bd6caa24cfc35a63b6') in 0.021930 seconds
Number of updated asset objects reloaded before import = 0
Number of asset objects unloaded after import = 4
========================================================================
Received Prepare
Begin MonoManager ReloadAssembly
- Loaded All Assemblies, in  0.242 seconds
Refreshing native plugins compatible for Editor in 0.00 ms, found 0 plugins.
Native extension for WindowsStandalone target not found
Mono: successfully reloaded assembly
- Finished resetting the current domain, in  0.436 seconds
Domain Reload Profiling: 676ms
	BeginReloadAssembly (147ms)
		ExecutionOrderSort (0ms)
		DisableScriptedObjects (12ms)
		BackupInstance (0ms)
		ReleaseScriptingObjects (0ms)
		CreateAndSetChildDomain (23ms)
	RebuildCommonClasses (39ms)
	RebuildNativeTypeToScriptingClass (13ms)
	initialDomainReloadingComplete (28ms)
	LoadAllAssembliesAndSetupDomain (13ms)
		LoadAssemblies (85ms)
		RebuildTransferFunctionScriptingTraits (0ms)
		AnalyzeDomain (3ms)
			TypeCache.Refresh (0ms)
				TypeCache.ScanAssembly (0ms)
			ScanForSourceGeneratedMonoScriptInfo (0ms)
			ResolveRequiredComponents (3ms)
	FinalizeReload (436ms)
		ReleaseScriptCaches (0ms)
		RebuildScriptCaches (0ms)
		SetupLoadedEditorAssemblies (257ms)
			LogAssemblyErrors (0ms)
			InitializePlatformSupportModulesInManaged (7ms)
			SetLoadedEditorAssemblies (8ms)
			RefreshPlugins (0ms)
			BeforeProcessingInitializeOnLoad (50ms)
			ProcessInitializeOnLoadAttributes (161ms)
			ProcessInitializeOnLoadMethodAttributes (23ms)
			AfterProcessingInitializeOnLoad (8ms)
			EditorAssembliesLoaded (0ms)
		ExecutionOrderSort2 (0ms)
		AwakeInstancesAfterBackupRestoration (7ms)
Refreshing native plugins compatible for Editor in 0.00 ms, found 0 plugins.
Preloading 0 native plugins for Editor in 0.00 ms.
Unloading 328 Unused Serialized files (Serialized files now loaded: 0)
Unloading 1 unused Assets / (22.7 KB). Loaded Objects now: 873.
Memory consumption went from 57.8 MB to 57.8 MB.
Total: 2.552500 ms (FindLiveObjects: 0.072900 ms CreateObjectMapping: 0.014700 ms MarkObjects: 2.449500 ms  DeleteObjects: 0.014600 ms)

Prepare: number of updated asset objects reloaded= 0
AssetImportParameters requested are different than current active one (requested -> active):
  custom:video-encoder-webm-vp8: eb34c28f22e8b96e1ab97ce403110664 -> 
  custom:video-decoder-webm-vp8: 9c59270c3fd7afecdb556c50c9e8de78 -> 
  custom:audio-decoder-ogg-vorbis: bf7c407c2cedff20999df2af8eb42d56 -> 
  custom:video-decoder-ogg-theora: a1e56fd34408186e4bbccfd4996cb3dc -> 
  custom:audio-encoder-webm-vorbis: bf7c407c2cedff20999df2af8eb42d56 -> 
  custom:container-demuxer-webm: 4f35f7cbe854078d1ac9338744f61a02 -> 
  custom:container-muxer-webm: aa71ff27fc2769a1b78a27578f13a17b -> 
  custom:video-codec-MediaFoundation-h265: 746d11721c4dcdbdad8f713fa42b33f4 -> 
  custom:container-demuxer-ogg: 62fdf1f143b41e24485cea50d1cbac27 -> 
  custom:AudioImporter_EditorPlatform: d09bf68614088b80899f8185d706f6e7 -> 
  custom:framework-win-MediaFoundation: 216162199b28c13a410421893ffa2e32 -> 
========================================================================
Received Import Request.
  Time since last request: 1028.756274 seconds.
  path: Assets/Material/Wallpaper ArtDeco 002.mat
  artifactKey: Guid(30756dde0cc79534cb97adb2c1dc40af) Importer(815301076,1909f56bfc062723c751e8b465ee728b)
Start importing Assets/Material/Wallpaper ArtDeco 002.mat using Guid(30756dde0cc79534cb97adb2c1dc40af) Importer(815301076,1909f56bfc062723c751e8b465ee728b)  -> (artifact id: 'aaa4088325baaca0eeec63c21426e66b') in 0.090395 seconds
Number of updated asset objects reloaded before import = 0
Number of asset objects unloaded after import = 2
========================================================================
Received Import Request.
  Time since last request: 3.043242 seconds.
  path: Assets/DON'T USE THESE ASSETS -Models/Mesh_wall_corner_corridor.fbx
  artifactKey: Guid(1f2f77c7d1dd15542a91ff843be4c41a) Importer(815301076,1909f56bfc062723c751e8b465ee728b)
Start importing Assets/DON'T USE THESE ASSETS -Models/Mesh_wall_corner_corridor.fbx using Guid(1f2f77c7d1dd15542a91ff843be4c41a) Importer(815301076,1909f56bfc062723c751e8b465ee728b)  -> (artifact id: '5e48173896d92661c65db4de227cd936') in 0.053260 seconds
Number of updated asset objects reloaded before import = 0
Number of asset objects unloaded after import = 15
========================================================================
Received Import Request.
  Time since last request: 0.000020 seconds.
  path: Assets/DON'T USE THESE ASSETS -Models/Mesh_wall_double.fbx
  artifactKey: Guid(882252dbe3d18754a99014a0d451c024) Importer(815301076,1909f56bfc062723c751e8b465ee728b)
Start importing Assets/DON'T USE THESE ASSETS -Models/Mesh_wall_double.fbx using Guid(882252dbe3d18754a99014a0d451c024) Importer(815301076,1909f56bfc062723c751e8b465ee728b)  -> (artifact id: '324dfd69d74d14230a720c766360dae7') in 0.026356 seconds
Number of updated asset objects reloaded before import = 0
Number of asset objects unloaded after import = 15
========================================================================
Received Import Request.
  Time since last request: 0.000023 seconds.
  path: Assets/DON'T USE THESE ASSETS -Models/Mesh_wall_door_doorframe.fbx
  artifactKey: Guid(f1b8bcf403da4c7449aa942074595c61) Importer(815301076,1909f56bfc062723c751e8b465ee728b)
Start importing Assets/DON'T USE THESE ASSETS -Models/Mesh_wall_door_doorframe.fbx using Guid(f1b8bcf403da4c7449aa942074595c61) Importer(815301076,1909f56bfc062723c751e8b465ee728b)  -> (artifact id: 'fc7f576f9aca0f03932b4289ece3bedd') in 0.056476 seconds
Number of updated asset objects reloaded before import = 0
Number of asset objects unloaded after import = 33
========================================================================
Received Import Request.
  Time since last request: 0.000014 seconds.
  path: Assets/DON'T USE THESE ASSETS -Models/Mesh_wall_deadend.fbx
  artifactKey: Guid(8cd7a445929fb9c41843439222b11db1) Importer(815301076,1909f56bfc062723c751e8b465ee728b)
Start importing Assets/DON'T USE THESE ASSETS -Models/Mesh_wall_deadend.fbx using Guid(8cd7a445929fb9c41843439222b11db1) Importer(815301076,1909f56bfc062723c751e8b465ee728b)  -> (artifact id: 'fa4d474d3f301514cd6d4c06d021990c') in 0.024504 seconds
Number of updated asset objects reloaded before import = 0
Number of asset objects unloaded after import = 15
========================================================================
Received Import Request.
  Time since last request: 0.000027 seconds.
  path: Assets/DON'T USE THESE ASSETS -Models/Mesh_wall_single.fbx
  artifactKey: Guid(1e04fb9e7c1822a43a2973fce7db3352) Importer(815301076,1909f56bfc062723c751e8b465ee728b)
Start importing Assets/DON'T USE THESE ASSETS -Models/Mesh_wall_single.fbx using Guid(1e04fb9e7c1822a43a2973fce7db3352) Importer(815301076,1909f56bfc062723c751e8b465ee728b)  -> (artifact id: 'ac4082c009d9346e84b43eb1abbb1da4') in 0.023827 seconds
Number of updated asset objects reloaded before import = 0
Number of asset objects unloaded after import = 15
========================================================================
Received Import Request.
  Time since last request: 59.494652 seconds.
  path: Assets/Prefab/Mesh_wall_corner_room Variant.prefab
  artifactKey: Guid(b58608d9d1ba3d145a0b6da06916590e) Importer(815301076,1909f56bfc062723c751e8b465ee728b)
Start importing Assets/Prefab/Mesh_wall_corner_room Variant.prefab using Guid(b58608d9d1ba3d145a0b6da06916590e) Importer(815301076,1909f56bfc062723c751e8b465ee728b)  -> (artifact id: 'dd8f14cb8e3e640d10e10ae9ce8b8133') in 0.023044 seconds
Number of updated asset objects reloaded before import = 0
Number of asset objects unloaded after import = 23
========================================================================
Received Import Request.
  Time since last request: 0.000016 seconds.
  path: Assets/Prefab/Mesh_wall_single Variant.prefab
  artifactKey: Guid(cee263db91c479e4fb697ad0b0529dc7) Importer(815301076,1909f56bfc062723c751e8b465ee728b)
Start importing Assets/Prefab/Mesh_wall_single Variant.prefab using Guid(cee263db91c479e4fb697ad0b0529dc7) Importer(815301076,1909f56bfc062723c751e8b465ee728b)  -> (artifact id: '6ac82eacbce0c0b9d649f95842813dba') in 0.017089 seconds
Number of updated asset objects reloaded before import = 0
Number of asset objects unloaded after import = 23
========================================================================
Received Prepare
Begin MonoManager ReloadAssembly
- Loaded All Assemblies, in  0.203 seconds
Refreshing native plugins compatible for Editor in 0.00 ms, found 0 plugins.
Native extension for WindowsStandalone target not found
Mono: successfully reloaded assembly
- Finished resetting the current domain, in  0.349 seconds
Domain Reload Profiling: 550ms
	BeginReloadAssembly (121ms)
		ExecutionOrderSort (0ms)
		DisableScriptedObjects (4ms)
		BackupInstance (0ms)
		ReleaseScriptingObjects (0ms)
		CreateAndSetChildDomain (21ms)
	RebuildCommonClasses (33ms)
	RebuildNativeTypeToScriptingClass (11ms)
	initialDomainReloadingComplete (25ms)
	LoadAllAssembliesAndSetupDomain (10ms)
		LoadAssemblies (69ms)
		RebuildTransferFunctionScriptingTraits (0ms)
		AnalyzeDomain (3ms)
			TypeCache.Refresh (0ms)
				TypeCache.ScanAssembly (0ms)
			ScanForSourceGeneratedMonoScriptInfo (0ms)
			ResolveRequiredComponents (2ms)
	FinalizeReload (349ms)
		ReleaseScriptCaches (0ms)
		RebuildScriptCaches (0ms)
		SetupLoadedEditorAssemblies (199ms)
			LogAssemblyErrors (0ms)
			InitializePlatformSupportModulesInManaged (6ms)
			SetLoadedEditorAssemblies (5ms)
			RefreshPlugins (0ms)
			BeforeProcessingInitializeOnLoad (37ms)
			ProcessInitializeOnLoadAttributes (124ms)
			ProcessInitializeOnLoadMethodAttributes (20ms)
			AfterProcessingInitializeOnLoad (7ms)
			EditorAssembliesLoaded (0ms)
		ExecutionOrderSort2 (0ms)
		AwakeInstancesAfterBackupRestoration (6ms)
Refreshing native plugins compatible for Editor in 0.00 ms, found 0 plugins.
Preloading 0 native plugins for Editor in 0.00 ms.
Unloading 328 Unused Serialized files (Serialized files now loaded: 0)
Unloading 1 unused Assets / (22.7 KB). Loaded Objects now: 873.
Memory consumption went from 57.8 MB to 57.8 MB.
Total: 2.415500 ms (FindLiveObjects: 0.083300 ms CreateObjectMapping: 0.018100 ms MarkObjects: 2.288100 ms  DeleteObjects: 0.024700 ms)

Prepare: number of updated asset objects reloaded= 0
AssetImportParameters requested are different than current active one (requested -> active):
  custom:video-encoder-webm-vp8: eb34c28f22e8b96e1ab97ce403110664 -> 
  custom:video-decoder-webm-vp8: 9c59270c3fd7afecdb556c50c9e8de78 -> 
  custom:audio-decoder-ogg-vorbis: bf7c407c2cedff20999df2af8eb42d56 -> 
  custom:video-decoder-ogg-theora: a1e56fd34408186e4bbccfd4996cb3dc -> 
  custom:audio-encoder-webm-vorbis: bf7c407c2cedff20999df2af8eb42d56 -> 
  custom:container-demuxer-webm: 4f35f7cbe854078d1ac9338744f61a02 -> 
  custom:container-muxer-webm: aa71ff27fc2769a1b78a27578f13a17b -> 
  custom:video-codec-MediaFoundation-h265: 746d11721c4dcdbdad8f713fa42b33f4 -> 
  custom:container-demuxer-ogg: 62fdf1f143b41e24485cea50d1cbac27 -> 
  custom:AudioImporter_EditorPlatform: d09bf68614088b80899f8185d706f6e7 -> 
  custom:framework-win-MediaFoundation: 216162199b28c13a410421893ffa2e32 -> 
